mode: count
github.com/pyama86/git-assets-canaly-releaser/cmd/root.go:33.47,35.17 2 0
github.com/pyama86/git-assets-canaly-releaser/cmd/root.go:35.17,38.4 2 0
github.com/pyama86/git-assets-canaly-releaser/cmd/root.go:40.3,41.17 2 0
github.com/pyama86/git-assets-canaly-releaser/cmd/root.go:41.17,44.4 2 0
github.com/pyama86/git-assets-canaly-releaser/cmd/root.go:45.3,47.43 2 0
github.com/pyama86/git-assets-canaly-releaser/cmd/root.go:47.43,50.4 2 0
github.com/pyama86/git-assets-canaly-releaser/cmd/root.go:54.42,56.16 2 4
github.com/pyama86/git-assets-canaly-releaser/cmd/root.go:56.16,58.3 1 1
github.com/pyama86/git-assets-canaly-releaser/cmd/root.go:59.2,59.12 1 3
github.com/pyama86/git-assets-canaly-releaser/cmd/root.go:62.67,64.16 2 3
github.com/pyama86/git-assets-canaly-releaser/cmd/root.go:64.16,66.3 1 0
github.com/pyama86/git-assets-canaly-releaser/cmd/root.go:68.2,69.16 2 3
github.com/pyama86/git-assets-canaly-releaser/cmd/root.go:69.16,71.3 1 0
github.com/pyama86/git-assets-canaly-releaser/cmd/root.go:72.2,73.16 2 3
github.com/pyama86/git-assets-canaly-releaser/cmd/root.go:73.16,75.3 1 0
github.com/pyama86/git-assets-canaly-releaser/cmd/root.go:77.2,78.16 2 3
github.com/pyama86/git-assets-canaly-releaser/cmd/root.go:78.16,80.3 1 0
github.com/pyama86/git-assets-canaly-releaser/cmd/root.go:82.2,83.16 2 3
github.com/pyama86/git-assets-canaly-releaser/cmd/root.go:83.16,85.3 1 0
github.com/pyama86/git-assets-canaly-releaser/cmd/root.go:87.2,89.10 1 3
github.com/pyama86/git-assets-canaly-releaser/cmd/root.go:89.10,92.17 2 2
github.com/pyama86/git-assets-canaly-releaser/cmd/root.go:92.17,94.4 1 0
github.com/pyama86/git-assets-canaly-releaser/cmd/root.go:96.3,96.10 1 2
github.com/pyama86/git-assets-canaly-releaser/cmd/root.go:96.10,98.18 2 2
github.com/pyama86/git-assets-canaly-releaser/cmd/root.go:98.18,100.5 1 1
github.com/pyama86/git-assets-canaly-releaser/cmd/root.go:102.4,102.84 1 1
github.com/pyama86/git-assets-canaly-releaser/cmd/root.go:102.84,104.5 1 0
github.com/pyama86/git-assets-canaly-releaser/cmd/root.go:105.4,105.73 1 1
github.com/pyama86/git-assets-canaly-releaser/cmd/root.go:105.73,107.5 1 0
github.com/pyama86/git-assets-canaly-releaser/cmd/root.go:110.2,110.12 1 2
github.com/pyama86/git-assets-canaly-releaser/cmd/root.go:114.73,116.16 2 2
github.com/pyama86/git-assets-canaly-releaser/cmd/root.go:116.16,118.3 1 0
github.com/pyama86/git-assets-canaly-releaser/cmd/root.go:120.2,121.16 2 2
github.com/pyama86/git-assets-canaly-releaser/cmd/root.go:121.16,123.3 1 0
github.com/pyama86/git-assets-canaly-releaser/cmd/root.go:125.2,126.16 2 2
github.com/pyama86/git-assets-canaly-releaser/cmd/root.go:126.16,127.44 1 1
github.com/pyama86/git-assets-canaly-releaser/cmd/root.go:127.44,128.29 1 0
github.com/pyama86/git-assets-canaly-releaser/cmd/root.go:128.29,130.5 1 0
github.com/pyama86/git-assets-canaly-releaser/cmd/root.go:131.4,131.14 1 0
github.com/pyama86/git-assets-canaly-releaser/cmd/root.go:132.9,134.4 1 1
github.com/pyama86/git-assets-canaly-releaser/cmd/root.go:137.2,138.16 2 1
github.com/pyama86/git-assets-canaly-releaser/cmd/root.go:138.16,140.3 1 0
github.com/pyama86/git-assets-canaly-releaser/cmd/root.go:142.2,143.16 2 1
github.com/pyama86/git-assets-canaly-releaser/cmd/root.go:143.16,145.3 1 0
github.com/pyama86/git-assets-canaly-releaser/cmd/root.go:147.2,148.16 2 1
github.com/pyama86/git-assets-canaly-releaser/cmd/root.go:148.16,150.3 1 0
github.com/pyama86/git-assets-canaly-releaser/cmd/root.go:152.2,152.26 1 1
github.com/pyama86/git-assets-canaly-releaser/cmd/root.go:152.26,154.17 2 1
github.com/pyama86/git-assets-canaly-releaser/cmd/root.go:154.17,156.4 1 0
github.com/pyama86/git-assets-canaly-releaser/cmd/root.go:157.3,157.10 1 1
github.com/pyama86/git-assets-canaly-releaser/cmd/root.go:157.10,159.80 2 1
github.com/pyama86/git-assets-canaly-releaser/cmd/root.go:159.80,161.5 1 0
github.com/pyama86/git-assets-canaly-releaser/cmd/root.go:163.4,164.74 2 1
github.com/pyama86/git-assets-canaly-releaser/cmd/root.go:164.74,166.64 2 0
github.com/pyama86/git-assets-canaly-releaser/cmd/root.go:166.64,168.6 1 0
github.com/pyama86/git-assets-canaly-releaser/cmd/root.go:171.5,172.26 2 0
github.com/pyama86/git-assets-canaly-releaser/cmd/root.go:172.26,174.6 1 0
github.com/pyama86/git-assets-canaly-releaser/cmd/root.go:175.5,175.26 1 0
github.com/pyama86/git-assets-canaly-releaser/cmd/root.go:175.26,177.6 1 0
github.com/pyama86/git-assets-canaly-releaser/cmd/root.go:179.5,179.55 1 0
github.com/pyama86/git-assets-canaly-releaser/cmd/root.go:180.10,181.65 1 1
github.com/pyama86/git-assets-canaly-releaser/cmd/root.go:181.65,183.6 1 0
github.com/pyama86/git-assets-canaly-releaser/cmd/root.go:185.5,185.55 1 1
github.com/pyama86/git-assets-canaly-releaser/cmd/root.go:185.55,187.6 1 0
github.com/pyama86/git-assets-canaly-releaser/cmd/root.go:188.5,189.54 2 1
github.com/pyama86/git-assets-canaly-releaser/cmd/root.go:194.2,194.12 1 0
github.com/pyama86/git-assets-canaly-releaser/cmd/root.go:197.88,201.43 3 0
github.com/pyama86/git-assets-canaly-releaser/cmd/root.go:201.43,203.3 1 0
github.com/pyama86/git-assets-canaly-releaser/cmd/root.go:205.2,205.82 1 0
github.com/pyama86/git-assets-canaly-releaser/cmd/root.go:205.82,207.3 1 0
github.com/pyama86/git-assets-canaly-releaser/cmd/root.go:208.2,209.12 2 0
github.com/pyama86/git-assets-canaly-releaser/cmd/root.go:212.42,214.16 2 0
github.com/pyama86/git-assets-canaly-releaser/cmd/root.go:214.16,216.3 1 0
github.com/pyama86/git-assets-canaly-releaser/cmd/root.go:218.2,219.27 2 0
github.com/pyama86/git-assets-canaly-releaser/cmd/root.go:219.27,221.3 1 0
github.com/pyama86/git-assets-canaly-releaser/cmd/root.go:222.2,225.27 3 0
github.com/pyama86/git-assets-canaly-releaser/cmd/root.go:225.27,227.3 1 0
github.com/pyama86/git-assets-canaly-releaser/cmd/root.go:228.2,230.6 2 0
github.com/pyama86/git-assets-canaly-releaser/cmd/root.go:230.6,231.10 1 0
github.com/pyama86/git-assets-canaly-releaser/cmd/root.go:232.26,233.56 1 0
github.com/pyama86/git-assets-canaly-releaser/cmd/root.go:233.56,235.5 1 0
github.com/pyama86/git-assets-canaly-releaser/cmd/root.go:236.4,236.29 1 0
github.com/pyama86/git-assets-canaly-releaser/cmd/root.go:236.29,238.5 1 0
github.com/pyama86/git-assets-canaly-releaser/cmd/root.go:239.22,240.62 1 0
github.com/pyama86/git-assets-canaly-releaser/cmd/root.go:240.62,242.5 1 0
github.com/pyama86/git-assets-canaly-releaser/cmd/root.go:243.4,243.29 1 0
github.com/pyama86/git-assets-canaly-releaser/cmd/root.go:243.29,245.5 1 0
github.com/pyama86/git-assets-canaly-releaser/cmd/root.go:250.65,256.20 5 3
github.com/pyama86/git-assets-canaly-releaser/cmd/root.go:256.20,258.17 1 15
github.com/pyama86/git-assets-canaly-releaser/cmd/root.go:258.17,260.19 2 15
github.com/pyama86/git-assets-canaly-releaser/cmd/root.go:260.19,262.6 1 1
github.com/pyama86/git-assets-canaly-releaser/cmd/root.go:263.5,263.15 1 14
github.com/pyama86/git-assets-canaly-releaser/cmd/root.go:270.2,271.28 2 3
github.com/pyama86/git-assets-canaly-releaser/cmd/root.go:271.28,274.3 2 1
github.com/pyama86/git-assets-canaly-releaser/cmd/root.go:276.2,276.6 1 2
github.com/pyama86/git-assets-canaly-releaser/cmd/root.go:276.6,277.10 1 14
github.com/pyama86/git-assets-canaly-releaser/cmd/root.go:278.28,279.30 1 12
github.com/pyama86/git-assets-canaly-releaser/cmd/root.go:279.30,281.5 1 0
github.com/pyama86/git-assets-canaly-releaser/cmd/root.go:283.30,284.14 1 2
github.com/pyama86/git-assets-canaly-releaser/cmd/root.go:289.71,291.16 2 19
github.com/pyama86/git-assets-canaly-releaser/cmd/root.go:291.16,293.3 1 0
github.com/pyama86/git-assets-canaly-releaser/cmd/root.go:295.2,299.16 5 19
github.com/pyama86/git-assets-canaly-releaser/cmd/root.go:299.16,301.3 1 2
github.com/pyama86/git-assets-canaly-releaser/cmd/root.go:303.2,304.17 2 17
github.com/pyama86/git-assets-canaly-releaser/cmd/root.go:307.16,309.16 2 0
github.com/pyama86/git-assets-canaly-releaser/cmd/root.go:309.16,311.3 1 0
github.com/pyama86/git-assets-canaly-releaser/cmd/root.go:314.72,317.15 3 0
github.com/pyama86/git-assets-canaly-releaser/cmd/root.go:318.14,319.28 1 0
github.com/pyama86/git-assets-canaly-releaser/cmd/root.go:320.15,321.29 1 0
github.com/pyama86/git-assets-canaly-releaser/cmd/root.go:322.14,323.28 1 0
github.com/pyama86/git-assets-canaly-releaser/cmd/root.go:324.15,325.29 1 0
github.com/pyama86/git-assets-canaly-releaser/cmd/root.go:326.10,327.57 1 0
github.com/pyama86/git-assets-canaly-releaser/cmd/root.go:329.2,334.16 4 0
github.com/pyama86/git-assets-canaly-releaser/cmd/root.go:334.16,336.3 1 0
github.com/pyama86/git-assets-canaly-releaser/cmd/root.go:337.2,337.83 1 0
github.com/pyama86/git-assets-canaly-releaser/cmd/root.go:340.40,342.16 2 0
github.com/pyama86/git-assets-canaly-releaser/cmd/root.go:342.16,344.3 1 0
github.com/pyama86/git-assets-canaly-releaser/cmd/root.go:345.2,346.16 2 0
github.com/pyama86/git-assets-canaly-releaser/cmd/root.go:346.16,348.3 1 0
github.com/pyama86/git-assets-canaly-releaser/cmd/root.go:349.2,354.38 5 0
github.com/pyama86/git-assets-canaly-releaser/cmd/root.go:354.38,356.17 2 0
github.com/pyama86/git-assets-canaly-releaser/cmd/root.go:356.17,358.4 1 0
github.com/pyama86/git-assets-canaly-releaser/cmd/root.go:360.3,360.17 1 0
github.com/pyama86/git-assets-canaly-releaser/cmd/root.go:360.17,362.4 1 0
github.com/pyama86/git-assets-canaly-releaser/cmd/root.go:364.3,364.62 1 0
github.com/pyama86/git-assets-canaly-releaser/cmd/root.go:364.62,366.4 1 0
github.com/pyama86/git-assets-canaly-releaser/cmd/root.go:367.8,369.3 1 0
github.com/pyama86/git-assets-canaly-releaser/cmd/root.go:371.2,372.49 2 0
github.com/pyama86/git-assets-canaly-releaser/cmd/root.go:372.49,374.3 1 0
github.com/pyama86/git-assets-canaly-releaser/cmd/root.go:376.2,378.16 3 0
github.com/pyama86/git-assets-canaly-releaser/cmd/root.go:378.16,380.3 1 0
github.com/pyama86/git-assets-canaly-releaser/cmd/root.go:381.2,381.21 1 0
github.com/pyama86/git-assets-canaly-releaser/cmd/root.go:384.13,449.2 43 1
